0 info it worked if it ends with ok
1 verbose cli [ '/usr/local/bin/node',
1 verbose cli   '/usr/local/bin/npm',
1 verbose cli   'run',
1 verbose cli   'build_IBJS' ]
2 info using npm@4.1.2
3 info using node@v7.6.0
4 verbose run-script [ 'prebuild_IBJS', 'build_IBJS', 'postbuild_IBJS' ]
5 info lifecycle ibjs@1.0.0~prebuild_IBJS: ibjs@1.0.0
6 silly lifecycle ibjs@1.0.0~prebuild_IBJS: no script for prebuild_IBJS, continuing
7 info lifecycle ibjs@1.0.0~build_IBJS: ibjs@1.0.0
8 verbose lifecycle ibjs@1.0.0~build_IBJS: unsafe-perm in lifecycle true
9 verbose lifecycle ibjs@1.0.0~build_IBJS: PATH: /usr/local/lib/node_modules/npm/bin/node-gyp-bin:/Users/jarrellsimms/Documents/IBJS/node_modules/.bin:/Users/jarrellsimms/mongodb/bin:/usr/local/bin:/usr/bin:/bin:/usr/sbin:/sbin:/usr/local/share/dotnet:/Library/Frameworks/Mono.framework/Versions/Current/Commands:/Users/jarrellsimms/mongodb/bin
10 verbose lifecycle ibjs@1.0.0~build_IBJS: CWD: /Users/jarrellsimms/Documents/IBJS
11 silly lifecycle ibjs@1.0.0~build_IBJS: Args: [ '-c', 'tsc --outFile ./lib/IBJS.js ts/IBJS.ts jQuery.d.ts' ]
12 silly lifecycle ibjs@1.0.0~build_IBJS: Returned: code: 2  signal: null
13 info lifecycle ibjs@1.0.0~build_IBJS: Failed to exec build_IBJS script
14 verbose stack Error: ibjs@1.0.0 build_IBJS: `tsc --outFile ./lib/IBJS.js ts/IBJS.ts jQuery.d.ts`
14 verbose stack Exit status 2
14 verbose stack     at EventEmitter.<anonymous> (/usr/local/lib/node_modules/npm/lib/utils/lifecycle.js:279:16)
14 verbose stack     at emitTwo (events.js:106:13)
14 verbose stack     at EventEmitter.emit (events.js:192:7)
14 verbose stack     at ChildProcess.<anonymous> (/usr/local/lib/node_modules/npm/lib/utils/spawn.js:40:14)
14 verbose stack     at emitTwo (events.js:106:13)
14 verbose stack     at ChildProcess.emit (events.js:192:7)
14 verbose stack     at maybeClose (internal/child_process.js:890:16)
14 verbose stack     at Process.ChildProcess._handle.onexit (internal/child_process.js:226:5)
15 verbose pkgid ibjs@1.0.0
16 verbose cwd /Users/jarrellsimms/Documents/IBJS
17 error Darwin 17.2.0
18 error argv "/usr/local/bin/node" "/usr/local/bin/npm" "run" "build_IBJS"
19 error node v7.6.0
20 error npm  v4.1.2
21 error code ELIFECYCLE
22 error ibjs@1.0.0 build_IBJS: `tsc --outFile ./lib/IBJS.js ts/IBJS.ts jQuery.d.ts`
22 error Exit status 2
23 error Failed at the ibjs@1.0.0 build_IBJS script 'tsc --outFile ./lib/IBJS.js ts/IBJS.ts jQuery.d.ts'.
23 error Make sure you have the latest version of node.js and npm installed.
23 error If you do, this is most likely a problem with the ibjs package,
23 error not with npm itself.
23 error Tell the author that this fails on your system:
23 error     tsc --outFile ./lib/IBJS.js ts/IBJS.ts jQuery.d.ts
23 error You can get information on how to open an issue for this project with:
23 error     npm bugs ibjs
23 error Or if that isn't available, you can get their info via:
23 error     npm owner ls ibjs
23 error There is likely additional logging output above.
24 verbose exit [ 1, true ]
